Terminal log file
Date: 14.05.2024 - 14:22:22
-----------------------------------------------
AT+NETOPEN

OK

+NETOPEN: 0
AT+CIPRXGET=1

OK
AT+CIPOPEN=1,"TCP","TCPBIN.COM",4242

OK

+CIPOPEN: 1,0
AT+CIPSEND=1,5

>HELLO
OK

+CIPSEND: 1,5,5

+IPCLOSE: 1,1
AT+CIPRXGET=4,1

+CIPRXGET: 4,1,0

OK
AT+CIPRXGET=0,1

OK
AT+CIPRXGET=1,1

OK
AT+CIPRXGET=2,1

+IP ERROR: No data

ERROR
AT+CIPRXGET=2,1,5

+IP ERROR: No data

ERROR
*NOTE-2024.05.14@14:27:16 - LogNote
AT+CIPRXGET=1,1,5

+IP ERROR: Invalid parameter

ERROR
AT+CIPOPEN=?

+CIPOPEN: (0-9),("TCP","UDP")

OK
AT+CIPOPEN?

+CIPOPEN: 0
+CIPOPEN: 1
+CIPOPEN: 2
+CIPOPEN: 3
+CIPOPEN: 4
+CIPOPEN: 5
+CIPOPEN: 6
+CIPOPEN: 7
+CIPOPEN: 8
+CIPOPEN: 9

OK
*NOTE-2024.05.14@14:30:52 - LogNote
AT+CIPOPEN=1,"TCP","TCPBIN.COM",4242

OK

+CIPOPEN: 1,0
AT+CIPOPEN?

+CIPOPEN: 0
+CIPOPEN: 9

OK
+CIPOPEN: 1,"TCP","45.79.112.203",4242,-1
+CIPOPEN: 2
+CIPOPEN: 3
+CIPOPEN: 4
+CIPOPEN: 5
+CIPOPEN: 6
+CIPOPEN: 7
+CIPOPEN: 8
AT+CIPSEND=1,5

>HELL
OK

+CIPSEND: 1,5,5
AT+CIPRXGET=3,1,5

+IP ERROR: No data

ERROR
*NOTE-2024.05.14@14:32:30 - LogNote

+IPCLOSE: 1,1
AT+NETCLOSE

OK

+NETCLOSE: 0
AT+CIPMODE=1

OK
AT+NETOPEN

OK

+NETOPEN: 0
AT+CIPOEPN=0,"TCP","TCPBIN.COM",4242

ERROR
AT+CIPOPEN=0,"TCP","TCPBIN.COM",4242

CONNECT 115200
HELLO\NASDASDQWASDASDQWZXVCVDSDOK
CLOSED
AT+NETOPEN

+IP ERROR: Network is already opened

ERROR
AT+CIPOEPN?

ERROR
AT+CIPOPEN?

+CIPOPEN: 0
+CIPOPEN: 1
+CIPOPEN: 2
+CIPOPEN: 3
+CIPOPEN: 4
+CIPOPEN: 5
+CIPOPEN: 6
+CIPOPEN: 7
+CIPOPEN: 8
+CIPOPEN: 9

OK
ATO

NO CARRIER
*NOTE-2024.05.14@14:40:23 - LogNote
AT+CPOF

OK

+CGEV: ME DETACH

+CGEV: NW PDN DEACT 1

VENT: NETWORK CLOSED UNEXPECTEDLY
