Terminal log file
Date: 02.05.2024 - 15:55:40
-----------------------------------------------

+CMTI: "SM",4
AT+CMGR = 4
+CMGR: "REC UNREAD","+79963438273","","24/05/02,11:56:19+12"
T

OK
AT+CMGL="REC UNREAD"
+CMGL: 3,"REC UNREAD","+79963438273","","24/05/02,11:52:59+12"
T

OK
438273","","24/05/02,11:56:19+12"
T

OK
438273","","24/05/02,11:56:19+12"
T

OK
AT+CMGL="REC UNREAD"
OK
3","","24/05/02,11:56:19+12"
T

OK
AT+CMGR=4
+CMGR: "REC READ","+79963438273","","24/05/02,11:56:19+12"
T

OK

+CMTI: "SM",5

+CMTI: "SM",6

+CMTI: "SM",7
AT+CMGR=53
+CMS ERROR: Invalid memory index
6800640079006A007700620033007200690066006A00650062006800640075003300690068007600640075

OK
3C00D7003E003B00D7003E0022005B002600F700260023003C005F00F70026005B0023003C0024005E00D7

OK
AT+CMGR=7
+CMGR: "REC UNREAD","+79963438273","","24/05/02,12:00:25+12"
003E003C0024003B00F7003E003C003D0026

OK

+CMTI: "SM",8
AT+CMGR=8
+CMGR: "REC UNREAD","+79963438273","","24/05/02,12:01:41+12"
Jdjhhehdujegyfujge

OK

+CMTI: "SM",9
AT+CMGR=9
+CMGR: "REC UNREAD","+79963438273","","24/05/02,12:02:14+12"
Jdujhejjdhijgducuejjgdukjdgjxjbjfippwgvxhjbdyufriehbdjuehbhcuuejbhdujrjgjwofiyhhicuhrttuowjvriijfbhjufredjgu3gwoygrjidqohcrh

OK

+CMTI: "SM",10
AT+CMGR=10
+CMGR: "REC UNREAD","+79963438273","","24/05/02,12:04:05+12"
Dhhjrjjjrijbjfi3iejdjjjeiuhdjkjgfugdhkkdjjekjdgixienidjrbgdipqhyfjb3udovuofjgwidohyri3buro2pg4bidi3jutikwvufjoshbfoehjxpgwkidjofjldkoggsjoigjkihhdopphhejjjdjwjj

OK

+CMTI: "SM",11
AT+CMGR=11
+CMGR: "REC UNREAD","+79963438273","","24/05/02,12:05:27+12"
/////

OK

+CMTI: "SM",12
AT+CMGR=12
+CMGR: "REC UNREAD","+79963438273","","24/05/02,12:05:46+12"
::::

OK

-----------------------------------------------
Date: 02.05.2024 - 16:20:25
End log file
