Added Component: Designator=*(STM)
Added Component: Designator=A1(A7682)
Added Component: Designator=C1(CAP JAMOCON)
Add component (AddParameter): Name = "Value"; Value = "10uF"; VariantName = "[No Variations]"
Added Component: Designator=C2(CAP JAMOCON)
Add component (AddParameter): Name = "Value"; Value = "10uF"; VariantName = "[No Variations]"
Added Component: Designator=GNL-1(GNL-0805)
Added Component: Designator=GNL-0805EC_1(GNL-0805)
Added Component: Designator=PDTD1(PDTD113ZT)
Added Component: Designator=PDTD2(PDTD113ZT)
Added Component: Designator=PDTD113ZT_1(PDTD113ZT)
Added Component: Designator=PDTD113ZT_2(PDTD113ZT)
Added Component: Designator=PDTD113ZT_3(PDTD113ZT)
Added Component: Designator=R1(R0805)
Add component (AddParameter): Name = "Value"; Value = "300"; VariantName = "[No Variations]"
Added Component: Designator=R2(R0805)
Added Component: Designator=R3(R0805)
Added Component: Designator=R4(R0805)
Add component (AddParameter): Name = "Value"; Value = "47k"; VariantName = "[No Variations]"
Added Component: Designator=R5(R0805)
Added Component: Designator=R6(R0805)
Added Component: Designator=R7(R0805)
Added Component: Designator=R8(R0805)
Add component (AddParameter): Name = "Value"; Value = "47k"; VariantName = "[No Variations]"
Added Component: Designator=R9(R0805)
Add component (AddParameter): Name = "Value"; Value = "47k"; VariantName = "[No Variations]"
Added Component: Designator=R10(R0805)
Add component (AddParameter): Name = "Value"; Value = "47k"; VariantName = "[No Variations]"
Added Component: Designator=R11(R0805)
Add component (AddParameter): Name = "Value"; Value = "4.7k"; VariantName = "[No Variations]"
Added Component: Designator=R12(R0805)
Add component (AddParameter): Name = "Value"; Value = "300"; VariantName = "[No Variations]"
Added Component: Designator=R13(R0805)
Add component (AddParameter): Name = "Value"; Value = "4.7k"; VariantName = "[No Variations]"
Added Component: Designator=R14(R0805)
Add component (AddParameter): Name = "Value"; Value = "240"; VariantName = "[No Variations]"
Added Component: Designator=R15(R0805)
Add component (AddParameter): Name = "Value"; Value = "1k"; VariantName = "[No Variations]"
Added Component: Designator=R16(R0805)
Add component (AddParameter): Name = "Value"; Value = "120"; VariantName = "[No Variations]"
Added Pin To Net: NetName=GND Pin=*-1
Added Pin To Net: NetName=GND Pin=*-2
Added Pin To Net: NetName=GND Pin=A1-2
Added Pin To Net: NetName=GND Pin=A1-4
Added Pin To Net: NetName=GND Pin=A1-6
Added Pin To Net: NetName=GND Pin=C1-3
Added Pin To Net: NetName=GND Pin=C2-3
Added Pin To Net: NetName=GND Pin=GNL-0805EC_1-1
Added Pin To Net: NetName=GND Pin=PDTD2-6
Added Pin To Net: NetName=GND Pin=PDTD113ZT_1-6
Added Pin To Net: NetName=GND Pin=PDTD113ZT_2-6
Added Pin To Net: NetName=GND Pin=PDTD113ZT_3-6
Added Pin To Net: NetName=GND Pin=R3-1
Added Pin To Net: NetName=GND Pin=R4-1
Added Pin To Net: NetName=GND Pin=R8-1
Added Pin To Net: NetName=GND Pin=R9-0
Added Pin To Net: NetName=GND Pin=R14-1
Added Net: Name=GND
Added Pin To Net: NetName=Net*_26 Pin=*-26
Added Pin To Net: NetName=Net*_26 Pin=R5-1
Added Net: Name=Net*_26
Added Pin To Net: NetName=Net*_27 Pin=*-27
Added Pin To Net: NetName=Net*_27 Pin=PDTD113ZT_2-5
Added Pin To Net: NetName=Net*_27 Pin=R7-0
Added Net: Name=Net*_27
Added Pin To Net: NetName=Net*_32 Pin=*-32
Added Pin To Net: NetName=Net*_32 Pin=R13-1
Added Net: Name=Net*_32
Added Pin To Net: NetName=Net*_33 Pin=*-33
Added Pin To Net: NetName=Net*_33 Pin=R11-1
Added Net: Name=Net*_33
Added Pin To Net: NetName=Net*_38 Pin=*-38
Added Pin To Net: NetName=Net*_38 Pin=C1-2
Added Pin To Net: NetName=Net*_38 Pin=GNL-1-0
Added Pin To Net: NetName=Net*_38 Pin=R12-0
Added Net: Name=Net*_38
Added Pin To Net: NetName=Net*_40 Pin=*-40
Added Pin To Net: NetName=Net*_40 Pin=R6-0
Added Pin To Net: NetName=Net*_40 Pin=R7-1
Added Net: Name=Net*_40
Added Pin To Net: NetName=NetA1_1 Pin=A1-1
Added Pin To Net: NetName=NetA1_1 Pin=A1-3
Added Pin To Net: NetName=NetA1_1 Pin=A1-5
Added Pin To Net: NetName=NetA1_1 Pin=C2-2
Added Pin To Net: NetName=NetA1_1 Pin=R16-1
Added Net: Name=NetA1_1
Added Pin To Net: NetName=NetA1_11 Pin=A1-11
Added Pin To Net: NetName=NetA1_11 Pin=PDTD113ZT_3-5
Added Net: Name=NetA1_11
Added Pin To Net: NetName=NetA1_15 Pin=A1-15
Added Pin To Net: NetName=NetA1_15 Pin=PDTD1-5
Added Net: Name=NetA1_15
Added Pin To Net: NetName=NetA1_39 Pin=A1-39
Added Pin To Net: NetName=NetA1_39 Pin=R3-0
Added Pin To Net: NetName=NetA1_39 Pin=R5-0
Added Net: Name=NetA1_39
Added Pin To Net: NetName=NetA1_41 Pin=A1-41
Added Pin To Net: NetName=NetA1_41 Pin=R2-0
Added Net: Name=NetA1_41
Added Pin To Net: NetName=NetA1_60 Pin=A1-60
Added Pin To Net: NetName=NetA1_60 Pin=R15-0
Added Net: Name=NetA1_60
Added Pin To Net: NetName=NetGNL-1_1 Pin=GNL-1-1
Added Pin To Net: NetName=NetGNL-1_1 Pin=R1-1
Added Net: Name=NetGNL-1_1
Added Pin To Net: NetName=NetGNL-0805EC_1_0 Pin=GNL-0805EC_1-0
Added Pin To Net: NetName=NetGNL-0805EC_1_0 Pin=R12-1
Added Net: Name=NetGNL-0805EC_1_0
Added Pin To Net: NetName=NetLT1 Pin=R14-0
Added Pin To Net: NetName=NetLT1 Pin=R16-0
Added Net: Name=NetLT1
Added Pin To Net: NetName=NetPDTD1_4 Pin=PDTD1-4
Added Pin To Net: NetName=NetPDTD1_4 Pin=R10-1
Added Pin To Net: NetName=NetPDTD1_4 Pin=R13-0
Added Net: Name=NetPDTD1_4
Added Pin To Net: NetName=NetPDTD1_6 Pin=PDTD1-6
Added Pin To Net: NetName=NetPDTD1_6 Pin=R10-0
Added Net: Name=NetPDTD1_6
Added Pin To Net: NetName=NetPDTD2_4 Pin=PDTD2-4
Added Pin To Net: NetName=NetPDTD2_4 Pin=R15-1
Added Net: Name=NetPDTD2_4
Added Pin To Net: NetName=NetPDTD2_5 Pin=PDTD2-5
Added Pin To Net: NetName=NetPDTD2_5 Pin=R1-0
Added Net: Name=NetPDTD2_5
Added Pin To Net: NetName=NetPDTD113ZT_1_4 Pin=PDTD113ZT_1-4
Added Pin To Net: NetName=NetPDTD113ZT_1_4 Pin=R2-1
Added Pin To Net: NetName=NetPDTD113ZT_1_4 Pin=R4-0
Added Net: Name=NetPDTD113ZT_1_4
Added Pin To Net: NetName=NetPDTD113ZT_1_5 Pin=PDTD113ZT_1-5
Added Pin To Net: NetName=NetPDTD113ZT_1_5 Pin=PDTD113ZT_2-4
Added Pin To Net: NetName=NetPDTD113ZT_1_5 Pin=R6-1
Added Pin To Net: NetName=NetPDTD113ZT_1_5 Pin=R8-0
Added Net: Name=NetPDTD113ZT_1_5
Added Pin To Net: NetName=NetPDTD113ZT_3_4 Pin=PDTD113ZT_3-4
Added Pin To Net: NetName=NetPDTD113ZT_3_4 Pin=R9-1
Added Pin To Net: NetName=NetPDTD113ZT_3_4 Pin=R11-0
Added Net: Name=NetPDTD113ZT_3_4
Added Member To Class: ClassName=族痱告 Member=Component * STM32F103C6T8
Added Member To Class: ClassName=族痱告 Member=Component A1 A7682E
Added Member To Class: ClassName=族痱告 Member=Component C1 capacitor
Added Member To Class: ClassName=族痱告 Member=Component C2 capacitor
Added Member To Class: ClassName=族痱告 Member=Component GNL-1 light diod
Added Member To Class: ClassName=族痱告 Member=Component GNL-0805EC_1 light diod
Add Class Member: Failed to add class member : Component LT1 LT1085
Added Member To Class: ClassName=族痱告 Member=Component PDTD1 transistor
Added Member To Class: ClassName=族痱告 Member=Component PDTD2 transistor
Added Member To Class: ClassName=族痱告 Member=Component PDTD113ZT_1 transistor
Added Member To Class: ClassName=族痱告 Member=Component PDTD113ZT_2 transistor
Added Member To Class: ClassName=族痱告 Member=Component PDTD113ZT_3 transistor
Added Member To Class: ClassName=族痱告 Member=Component R1 Resistor
Added Member To Class: ClassName=族痱告 Member=Component R2 Resistor
Added Member To Class: ClassName=族痱告 Member=Component R3 Resistor
Added Member To Class: ClassName=族痱告 Member=Component R4 Resistor
Added Member To Class: ClassName=族痱告 Member=Component R5 Resistor
Added Member To Class: ClassName=族痱告 Member=Component R6 Resistor
Added Member To Class: ClassName=族痱告 Member=Component R7 Resistor
Added Member To Class: ClassName=族痱告 Member=Component R8 Resistor
Added Member To Class: ClassName=族痱告 Member=Component R9 Resistor
Added Member To Class: ClassName=族痱告 Member=Component R10 Resistor
Added Member To Class: ClassName=族痱告 Member=Component R11 Resistor
Added Member To Class: ClassName=族痱告 Member=Component R12 Resistor
Added Member To Class: ClassName=族痱告 Member=Component R13 Resistor
Added Member To Class: ClassName=族痱告 Member=Component R14 Resistor
Added Member To Class: ClassName=族痱告 Member=Component R15 Resistor
Added Member To Class: ClassName=族痱告 Member=Component R16 Resistor
