Added Component: Designator=A1(A7682)
Added Component: Designator=A7682E_J204(A7682)
Added Component: Designator=C3(蜒0805)
Add component (AddParameter): Name = "Value"; Value = "33pF"; VariantName = "[No Variations]"
Added Component: Designator=C4(蜒0805)
Add component (AddParameter): Name = "Value"; Value = "33pF"; VariantName = "[No Variations]"
Added Component: Designator=C5(蜒0805)
Add component (AddParameter): Name = "Value"; Value = "33pF"; VariantName = "[No Variations]"
Added Component: Designator=C6(蜒0805)
Add component (AddParameter): Name = "Value"; Value = "1uF"; VariantName = "[No Variations]"
Added Component: Designator=C7(蜒0805)
Add component (AddParameter): Name = "Value"; Value = "100nF"; VariantName = "[No Variations]"
Added Component: Designator=C8(CAP JAMOCON)
Add component (AddParameter): Name = "Value"; Value = "10uF"; VariantName = "[No Variations]"
Added Component: Designator=C9(CAP JAMOCON)
Add component (AddParameter): Name = "Value"; Value = "10uF"; VariantName = "[No Variations]"
Added Component: Designator=eSIM1(eSIM)
Added Component: Designator=GNL-1(GNL-0805)
Added Component: Designator=GNL-0805EC_1(GNL-0805)
Added Component: Designator=LT1(LD1085)
Added Component: Designator=PDTD1(PDTD113ZT)
Added Component: Designator=PDTD2(PDTD113ZT)
Added Component: Designator=PDTD113ZT_1(PDTD113ZT)
Added Component: Designator=PDTD113ZT_2(PDTD113ZT)
Added Component: Designator=PDTD113ZT_3(PDTD113ZT)
Added Component: Designator=R1(R0805)
Add component (AddParameter): Name = "Value"; Value = "300"; VariantName = "[No Variations]"
Added Component: Designator=R2(R0805)
Added Component: Designator=R3(R0805)
Added Component: Designator=R5(R0805)
Added Component: Designator=R6(R0805)
Added Component: Designator=R7(R0805)
Added Component: Designator=R9(R0805)
Add component (AddParameter): Name = "Value"; Value = "47k"; VariantName = "[No Variations]"
Added Component: Designator=R10(R0805)
Add component (AddParameter): Name = "Value"; Value = "47k"; VariantName = "[No Variations]"
Added Component: Designator=R11(R0805)
Add component (AddParameter): Name = "Value"; Value = "4.7k"; VariantName = "[No Variations]"
Added Component: Designator=R12(R0805)
Add component (AddParameter): Name = "Value"; Value = "300"; VariantName = "[No Variations]"
Added Component: Designator=R13(R0805)
Add component (AddParameter): Name = "Value"; Value = "4.7k"; VariantName = "[No Variations]"
Added Component: Designator=R15(R0805)
Add component (AddParameter): Name = "Value"; Value = "1k"; VariantName = "[No Variations]"
Added Component: Designator=R16(R0805)
Add component (AddParameter): Name = "Value"; Value = "6.8k"; VariantName = "[No Variations]"
Added Component: Designator=R17(R0805)
Add component (AddParameter): Name = "Value"; Value = "22"; VariantName = "[No Variations]"
Added Component: Designator=R18(R0805)
Add component (AddParameter): Name = "Value"; Value = "22"; VariantName = "[No Variations]"
Added Component: Designator=R19(R0805)
Add component (AddParameter): Name = "Value"; Value = "22"; VariantName = "[No Variations]"
Added Component: Designator=R20(R0805)
Add component (AddParameter): Name = "Value"; Value = "1k"; VariantName = "[No Variations]"
Added Component: Designator=R21(R0805)
Added Component: Designator=R22(R0805)
Add component (AddParameter): Name = "Value"; Value = "5.1k"; VariantName = "[No Variations]"
Added Component: Designator=R23(R0805)
Add component (AddParameter): Name = "Value"; Value = "5.1k"; VariantName = "[No Variations]"
Added Component: Designator=STM1(STM)
Added Component: Designator=USB-C1(USB C)
Added Pin To Net: NetName=NetA1_1 Pin=A1-1
Added Pin To Net: NetName=GND Pin=A1-2
Added Pin To Net: NetName=NetA1_1 Pin=A1-3
Added Pin To Net: NetName=GND Pin=A1-4
Added Pin To Net: NetName=NetA1_1 Pin=A1-5
Added Pin To Net: NetName=GND Pin=A1-6
Added Pin To Net: NetName=NetA1_11 Pin=A1-11
Added Pin To Net: NetName=NetA1_15 Pin=A1-15
Added Pin To Net: NetName=NetA1_39 Pin=A1-39
Added Pin To Net: NetName=NetA1_41 Pin=A1-41
Added Pin To Net: NetName=NetA1_60 Pin=A1-60
Added Pin To Net: NetName=GND Pin=A7682E_J204-2
Added Pin To Net: NetName=GND Pin=A7682E_J204-4
Added Pin To Net: NetName=GND Pin=A7682E_J204-6
Added Pin To Net: NetName=GND Pin=A7682E_J204-8
Added Pin To Net: NetName=GND Pin=A7682E_J204-10
Added Pin To Net: NetName=GND Pin=A7682E_J204-12
Added Pin To Net: NetName=NetA7682E_J204_13 Pin=A7682E_J204-13
Added Pin To Net: NetName=NetA7682E_J204_15 Pin=A7682E_J204-15
Added Pin To Net: NetName=NetA7682E_J204_17 Pin=A7682E_J204-17
Added Pin To Net: NetName=NetA7682E_J204_19 Pin=A7682E_J204-19
Added Pin To Net: NetName=GND Pin=A7682E_J204-21
Added Pin To Net: NetName=GND Pin=A7682E_J204-23
Added Pin To Net: NetName=GND Pin=A7682E_J204-27
Added Pin To Net: NetName=GND Pin=A7682E_J204-29
Added Pin To Net: NetName=GND Pin=A7682E_J204-31
Added Pin To Net: NetName=GND Pin=A7682E_J204-33
Added Pin To Net: NetName=GND Pin=A7682E_J204-35
Added Pin To Net: NetName=GND Pin=A7682E_J204-39
Added Pin To Net: NetName=GND Pin=A7682E_J204-41
Added Pin To Net: NetName=GND Pin=A7682E_J204-43
Added Pin To Net: NetName=GND Pin=A7682E_J204-44
Added Pin To Net: NetName=GND Pin=A7682E_J204-53
Added Pin To Net: NetName=GND Pin=C3-2
Added Pin To Net: NetName=NetA7682E_J204_19 Pin=C3-3
Added Pin To Net: NetName=GND Pin=C4-2
Added Pin To Net: NetName=NetA7682E_J204_15 Pin=C4-3
Added Pin To Net: NetName=GND Pin=C5-2
Added Pin To Net: NetName=NetA7682E_J204_13 Pin=C5-3
Added Pin To Net: NetName=GND Pin=C6-2
Added Pin To Net: NetName=NetA7682E_J204_17 Pin=C6-3
Added Pin To Net: NetName=NetA7682E_J204_17 Pin=C7-2
Added Pin To Net: NetName=GND Pin=C7-3
Added Pin To Net: NetName=NetC8_2 Pin=C8-2
Added Pin To Net: NetName=GND Pin=C8-3
Added Pin To Net: NetName=NetA1_1 Pin=C9-2
Added Pin To Net: NetName=GND Pin=C9-3
Added Pin To Net: NetName=NetA7682E_J204_17 Pin=eSIM1-1
Added Pin To Net: NetName=NeteSIM1_2 Pin=eSIM1-2
Added Pin To Net: NetName=NeteSIM1_3 Pin=eSIM1-3
Added Pin To Net: NetName=GND Pin=eSIM1-5
Added Pin To Net: NetName=NeteSIM1_7 Pin=eSIM1-7
Added Pin To Net: NetName=NetC8_2 Pin=GNL-1-0
Added Pin To Net: NetName=NetGNL-1_1 Pin=GNL-1-1
Added Pin To Net: NetName=NetGNL-0805EC_1_0 Pin=GNL-0805EC_1-0
Added Pin To Net: NetName=GND Pin=GNL-0805EC_1-1
Added Pin To Net: NetName=NetLT1_Adj Pin=LT1-Adj
Added Pin To Net: NetName=NetC8_2 Pin=LT1-Vin
Added Pin To Net: NetName=NetA1_1 Pin=LT1-Vout
Added Pin To Net: NetName=NetPDTD1_4 Pin=PDTD1-4
Added Pin To Net: NetName=NetA1_15 Pin=PDTD1-5
Added Pin To Net: NetName=NetPDTD1_6 Pin=PDTD1-6
Added Pin To Net: NetName=NetPDTD2_4 Pin=PDTD2-4
Added Pin To Net: NetName=NetPDTD2_5 Pin=PDTD2-5
Added Pin To Net: NetName=GND Pin=PDTD2-6
Added Pin To Net: NetName=NetPDTD113ZT_1_4 Pin=PDTD113ZT_1-4
Added Pin To Net: NetName=NetPDTD113ZT_1_5 Pin=PDTD113ZT_1-5
Added Pin To Net: NetName=GND Pin=PDTD113ZT_1-6
Added Pin To Net: NetName=NetPDTD113ZT_1_5 Pin=PDTD113ZT_2-4
Added Pin To Net: NetName=NetPDTD113ZT_2_5 Pin=PDTD113ZT_2-5
Added Pin To Net: NetName=GND Pin=PDTD113ZT_2-6
Added Pin To Net: NetName=NetPDTD113ZT_3_4 Pin=PDTD113ZT_3-4
Added Pin To Net: NetName=NetA1_11 Pin=PDTD113ZT_3-5
Added Pin To Net: NetName=GND Pin=PDTD113ZT_3-6
Added Pin To Net: NetName=NetPDTD2_5 Pin=R1-0
Added Pin To Net: NetName=NetGNL-1_1 Pin=R1-1
Added Pin To Net: NetName=NetA1_41 Pin=R2-0
Added Pin To Net: NetName=NetPDTD113ZT_1_4 Pin=R2-1
Added Pin To Net: NetName=NetA1_39 Pin=R3-0
Added Pin To Net: NetName=GND Pin=R3-1
Added Pin To Net: NetName=NetA1_39 Pin=R5-0
Added Pin To Net: NetName=NetR5_1 Pin=R5-1
Added Pin To Net: NetName=NetR6_0 Pin=R6-0
Added Pin To Net: NetName=NetPDTD113ZT_1_5 Pin=R6-1
Added Pin To Net: NetName=NetPDTD113ZT_2_5 Pin=R7-0
Added Pin To Net: NetName=NetR6_0 Pin=R7-1
Added Pin To Net: NetName=GND Pin=R9-0
Added Pin To Net: NetName=NetPDTD113ZT_3_4 Pin=R9-1
Added Pin To Net: NetName=NetPDTD1_6 Pin=R10-0
Added Pin To Net: NetName=NetPDTD1_4 Pin=R10-1
Added Pin To Net: NetName=NetPDTD113ZT_3_4 Pin=R11-0
Added Pin To Net: NetName=NetR11_1 Pin=R11-1
Added Pin To Net: NetName=NetC8_2 Pin=R12-0
Added Pin To Net: NetName=NetGNL-0805EC_1_0 Pin=R12-1
Added Pin To Net: NetName=NetPDTD1_4 Pin=R13-0
Added Pin To Net: NetName=NetR13_1 Pin=R13-1
Added Pin To Net: NetName=NetA1_60 Pin=R15-0
Added Pin To Net: NetName=NetPDTD2_4 Pin=R15-1
Added Pin To Net: NetName=NetLT1_Adj Pin=R16-0
Added Pin To Net: NetName=NetR16_1 Pin=R16-1
Added Pin To Net: NetName=NetA7682E_J204_15 Pin=R17-0
Added Pin To Net: NetName=NeteSIM1_7 Pin=R17-1
Added Pin To Net: NetName=NetA7682E_J204_13 Pin=R18-0
Added Pin To Net: NetName=NeteSIM1_3 Pin=R18-1
Added Pin To Net: NetName=NetA7682E_J204_19 Pin=R19-0
Added Pin To Net: NetName=NeteSIM1_2 Pin=R19-1
Added Pin To Net: NetName=NetR16_1 Pin=R20-0
Added Pin To Net: NetName=GND Pin=R20-1
Added Pin To Net: NetName=NetLT1_Adj Pin=R21-0
Added Pin To Net: NetName=NetA1_1 Pin=R21-1
Added Pin To Net: NetName=NetR22_0 Pin=R22-0
Added Pin To Net: NetName=GND Pin=R22-1
Added Pin To Net: NetName=NetR23_0 Pin=R23-0
Added Pin To Net: NetName=GND Pin=R23-1
Added Pin To Net: NetName=GND Pin=STM1-1
Added Pin To Net: NetName=GND Pin=STM1-2
Added Pin To Net: NetName=NetR5_1 Pin=STM1-26
Added Pin To Net: NetName=NetPDTD113ZT_2_5 Pin=STM1-27
Added Pin To Net: NetName=NetR13_1 Pin=STM1-32
Added Pin To Net: NetName=NetR11_1 Pin=STM1-33
Added Pin To Net: NetName=NetC8_2 Pin=STM1-38
Added Pin To Net: NetName=NetR6_0 Pin=STM1-40
Add Pin To Net: Unknown Pin: Pin STM1-41
Added Pin To Net: NetName=GND Pin=USB-C1-1
Added Pin To Net: NetName=NetC8_2 Pin=USB-C1-4
Added Pin To Net: NetName=NetR23_0 Pin=USB-C1-5
Added Pin To Net: NetName=NetC8_2 Pin=USB-C1-9
Added Pin To Net: NetName=GND Pin=USB-C1-12
Added Pin To Net: NetName=GND Pin=USB-C1-13
Added Pin To Net: NetName=NetC8_2 Pin=USB-C1-16
Added Pin To Net: NetName=NetR22_0 Pin=USB-C1-17
Added Pin To Net: NetName=NetC8_2 Pin=USB-C1-21
Added Pin To Net: NetName=GND Pin=USB-C1-24
Added Pin To Net: NetName=GND Pin=USB-C1-38
Added Pin To Net: NetName=GND Pin=USB-C1-38
Added Pin To Net: NetName=GND Pin=USB-C1-38
Added Pin To Net: NetName=GND Pin=USB-C1-38
Added Member To Class: ClassName=族痱告 Member=Component A1 A7682E
Added Member To Class: ClassName=eSIM Member=Component A7682E_J204 A7682E
Added Member To Class: ClassName=eSIM Member=Component C3 CC080533pF
Added Member To Class: ClassName=eSIM Member=Component C4 CC080533pF
Added Member To Class: ClassName=eSIM Member=Component C5 CC080533pF
Added Member To Class: ClassName=eSIM Member=Component C6 capacitor
Added Member To Class: ClassName=eSIM Member=Component C7 capacitor
Added Member To Class: ClassName=eSIM Member=Component C8 capacitor
Added Member To Class: ClassName=eSIM Member=Component C9 capacitor
Added Member To Class: ClassName=eSIM Member=Component eSIM1 eSIM
Added Member To Class: ClassName=族痱告 Member=Component GNL-1 light diod
Added Member To Class: ClassName=族痱告 Member=Component GNL-0805EC_1 light diod
Added Member To Class: ClassName=eSIM Member=Component LT1 LT1085
Added Member To Class: ClassName=族痱告 Member=Component PDTD1 transistor
Added Member To Class: ClassName=族痱告 Member=Component PDTD2 transistor
Added Member To Class: ClassName=族痱告 Member=Component PDTD113ZT_1 transistor
Added Member To Class: ClassName=族痱告 Member=Component PDTD113ZT_2 transistor
Added Member To Class: ClassName=族痱告 Member=Component PDTD113ZT_3 transistor
Added Member To Class: ClassName=族痱告 Member=Component R1 Resistor
Added Member To Class: ClassName=族痱告 Member=Component R2 Resistor
Added Member To Class: ClassName=族痱告 Member=Component R3 Resistor
Added Member To Class: ClassName=族痱告 Member=Component R5 Resistor
Added Member To Class: ClassName=族痱告 Member=Component R6 Resistor
Added Member To Class: ClassName=族痱告 Member=Component R7 Resistor
Added Member To Class: ClassName=族痱告 Member=Component R9 Resistor
Added Member To Class: ClassName=族痱告 Member=Component R10 Resistor
Added Member To Class: ClassName=族痱告 Member=Component R11 Resistor
Added Member To Class: ClassName=族痱告 Member=Component R12 Resistor
Added Member To Class: ClassName=族痱告 Member=Component R13 Resistor
Added Member To Class: ClassName=族痱告 Member=Component R15 Resistor
Added Member To Class: ClassName=eSIM Member=Component R16 Resistor
Added Member To Class: ClassName=eSIM Member=Component R17 Resistor
Added Member To Class: ClassName=eSIM Member=Component R18 Resistor
Added Member To Class: ClassName=eSIM Member=Component R19 Resistor
Added Member To Class: ClassName=eSIM Member=Component R20 Resistor
Added Member To Class: ClassName=eSIM Member=Component R21 Resistor
Added Member To Class: ClassName=eSIM Member=Component R22 Resistor
Added Member To Class: ClassName=eSIM Member=Component R23 Resistor
Added Member To Class: ClassName=族痱告 Member=Component STM1 STM32F103C6T8
Added Member To Class: ClassName=eSIM Member=Component USB-C1 USB-C
